[13:55:40] <INFO> [START]
[13:55:40] <INFO> [Check plugins] [3]
[13:55:40] <ERROR> [load plugins] [bing] [Expecting value: line 2 column 1 (char 1)]
[13:55:40] <ERROR> [load plugins] [google] [Expecting value: line 2 column 1 (char 1)]
[13:55:45] <INFO> [load plugin] [2][naurok] [version][0.0.11] [update][False] [status][works]
[13:56:14] <INFO> [START]
[13:56:14] <INFO> [Check plugins] [3]
[13:56:14] <ERROR> [load plugins] [bing] [Expecting value: line 2 column 1 (char 1)]
[13:56:14] <ERROR> [load plugins] [google] [Expecting value: line 2 column 1 (char 1)]
[13:56:16] <INFO> [load plugin] [2][naurok] [version][0.0.11] [update][False] [status][works]
[13:56:43] <INFO> [START]
[13:56:43] <INFO> [Check plugins] [3]
[13:56:43] <ERROR> [load plugins] [bing] [Expecting value: line 2 column 1 (char 1)]
[13:56:43] <ERROR> [load plugins] [google] [Expecting value: line 2 column 1 (char 1)]
[13:56:46] <INFO> [load plugin] [2][naurok] [version][0.0.11] [update][False] [status][works]
[14:01:06] <INFO> [START]
[14:01:06] <INFO> [Check plugins] [3]
[14:01:06] <ERROR> [load plugins] [bing] [Expecting value: line 2 column 1 (char 1)]
[14:01:06] <ERROR> [load plugins] [google] [Expecting value: line 2 column 1 (char 1)]
[14:01:09] <INFO> [load plugin] [2][naurok] [version][0.0.11] [update][False] [status][works]
[14:01:29] <INFO> [START]
[14:01:29] <INFO> [Check plugins] [3]
[14:01:29] <ERROR> [load plugins] [bing] [Expecting value: line 2 column 1 (char 1)]
[14:01:29] <ERROR> [load plugins] [google] [Expecting value: line 2 column 1 (char 1)]
[14:01:31] <INFO> [load plugin] [2][naurok] [version][0.0.11] [update][False] [status][works]
